[ 2017-04-30T15:22:37+08:00 ] 127.0.0.1 /Hlt/index.php
INFO: [ app_init ] --START--
INFO: Run Behavior\BuildLiteBehavior [ RunTime:0.000020s ]
INFO: [ app_init ] --END-- [ RunTime:0.017778s ]
INFO: [ app_begin ] --START--
INFO: Run Behavior\ReadHtmlCacheBehavior [ RunTime:0.032085s ]
INFO: [ app_begin ] --END-- [ RunTime:0.032173s ]
INFO: [ view_parse ] --START--
INFO: [ template_filter ] --START--
INFO: Run Behavior\ContentReplaceBehavior [ RunTime:0.000055s ]
INFO: [ template_filter ] --END-- [ RunTime:0.000151s ]
INFO: Run Behavior\ParseTemplateBehavior [ RunTime:0.067861s ]
INFO: [ view_parse ] --END-- [ RunTime:0.067980s ]
INFO: [ view_filter ] --START--
INFO: Run Behavior\WriteHtmlCacheBehavior [ RunTime:0.021378s ]
INFO: [ view_filter ] --END-- [ RunTime:0.021477s ]
INFO: [ app_end ] --START--
INFO: Run Behavior\ShowPageTraceBehavior [ RunTime:0.019462s ]
INFO: [ app_end ] --END-- [ RunTime:0.019566s ]

[ 2017-04-30T15:22:53+08:00 ] 127.0.0.1 /Hlt/index.php/Home/Login/login.html
INFO: [ app_init ] --START--
INFO: Run Behavior\BuildLiteBehavior [ RunTime:0.000014s ]
INFO: [ app_init ] --END-- [ RunTime:0.000556s ]
INFO: [ app_begin ] --START--
INFO: Run Behavior\ReadHtmlCacheBehavior [ RunTime:0.000686s ]
INFO: [ app_begin ] --END-- [ RunTime:0.000743s ]
SQL: SHOW COLUMNS FROM `staff` [ RunTime:0.0033s ]
SQL: SELECT COUNT(*) AS tp_count FROM `staff` WHERE `role` = 3 LIMIT 1   [ RunTime:0.0006s ]
SQL: SELECT * FROM `staff` WHERE `id` = 'admin' LIMIT 1   [ RunTime:0.0006s ]
SQL: UPDATE `staff` SET `id`='admin',`name`='系统管理员',`password`='21232f297a57a5a743894a0e4a801fc3',`role`='3',`last_login_time`='2017-04-30 15:22:53',`last_login_ip`='127.0.0.1',`login_error_num`='1',`lock`='0' WHERE `id` = 'admin' [ RunTime:0.0127s ]
SQL: SHOW COLUMNS FROM `log` [ RunTime:0.0025s ]
SQL: INSERT INTO `log` (`operator_id`,`type`,`content`,`time`) VALUES ('admin','1','密码错误，登陆IP为：127.0.0.1','2017-04-30 15:22:53') [ RunTime:0.0230s ]
INFO: [ app_end ] --START--
INFO: Run Behavior\ShowPageTraceBehavior [ RunTime:0.000745s ]
INFO: [ app_end ] --END-- [ RunTime:0.000828s ]

[ 2017-04-30T15:22:56+08:00 ] 127.0.0.1 /Hlt/index.php/Home/Login/login.html
INFO: [ app_init ] --START--
INFO: Run Behavior\BuildLiteBehavior [ RunTime:0.000016s ]
INFO: [ app_init ] --END-- [ RunTime:0.000507s ]
INFO: [ app_begin ] --START--
INFO: Run Behavior\ReadHtmlCacheBehavior [ RunTime:0.000631s ]
INFO: [ app_begin ] --END-- [ RunTime:0.000694s ]
SQL: SHOW COLUMNS FROM `staff` [ RunTime:0.0015s ]
SQL: SELECT COUNT(*) AS tp_count FROM `staff` WHERE `role` = 3 LIMIT 1   [ RunTime:0.0004s ]
SQL: SELECT * FROM `staff` WHERE `id` = 'admin' LIMIT 1   [ RunTime:0.0005s ]
SQL: UPDATE `staff` SET `id`='admin',`name`='系统管理员',`password`='21232f297a57a5a743894a0e4a801fc3',`role`='3',`last_login_time`='2017-04-30 15:22:56',`last_login_ip`='127.0.0.1',`login_error_num`='0',`lock`='0' WHERE `id` = 'admin' [ RunTime:0.0159s ]
SQL: SHOW COLUMNS FROM `log` [ RunTime:0.0017s ]
SQL: INSERT INTO `log` (`operator_id`,`type`,`content`,`time`) VALUES ('admin','1','登陆成功，登陆IP为：127.0.0.1','2017-04-30 15:22:56') [ RunTime:0.0103s ]
INFO: [ app_end ] --START--
INFO: Run Behavior\ShowPageTraceBehavior [ RunTime:0.000923s ]
INFO: [ app_end ] --END-- [ RunTime:0.001009s ]

[ 2017-04-30T15:22:56+08:00 ] 127.0.0.1 /Hlt/index.php/Home/Public/home.html
INFO: [ app_init ] --START--
INFO: Run Behavior\BuildLiteBehavior [ RunTime:0.000018s ]
INFO: [ app_init ] --END-- [ RunTime:0.000486s ]
INFO: [ app_begin ] --START--
INFO: Run Behavior\ReadHtmlCacheBehavior [ RunTime:0.001064s ]
INFO: [ app_begin ] --END-- [ RunTime:0.001177s ]
INFO: [ view_parse ] --START--
INFO: [ template_filter ] --START--
INFO: Run Behavior\ContentReplaceBehavior [ RunTime:0.000205s ]
INFO: [ template_filter ] --END-- [ RunTime:0.000278s ]
INFO: Run Behavior\ParseTemplateBehavior [ RunTime:0.115279s ]
INFO: [ view_parse ] --END-- [ RunTime:0.115402s ]
INFO: [ view_filter ] --START--
INFO: Run Behavior\WriteHtmlCacheBehavior [ RunTime:0.000404s ]
INFO: [ view_filter ] --END-- [ RunTime:0.000466s ]
INFO: [ app_end ] --START--
INFO: Run Behavior\ShowPageTraceBehavior [ RunTime:0.000871s ]
INFO: [ app_end ] --END-- [ RunTime:0.000966s ]

[ 2017-04-30T15:22:57+08:00 ] 127.0.0.1 /Hlt/index.php/Home/Public/getstaffoperation.html
INFO: [ app_init ] --START--
INFO: Run Behavior\BuildLiteBehavior [ RunTime:0.000017s ]
INFO: [ app_init ] --END-- [ RunTime:0.000469s ]
INFO: [ app_begin ] --START--
INFO: Run Behavior\ReadHtmlCacheBehavior [ RunTime:0.000651s ]
INFO: [ app_begin ] --END-- [ RunTime:0.000715s ]
SQL: SHOW COLUMNS FROM `staff` [ RunTime:0.0553s ]
SQL: SELECT * FROM `staff` WHERE `id` = 'admin' LIMIT 1   [ RunTime:0.0006s ]
SQL: SHOW COLUMNS FROM `operation` [ RunTime:0.0026s ]
SQL: SELECT * FROM `operation` WHERE `parent_id` = 0 ORDER BY sequence  [ RunTime:0.0007s ]
SQL: SELECT * FROM `operation` WHERE `id` = 1 LIMIT 1   [ RunTime:0.0006s ]
SQL: SHOW COLUMNS FROM `role_operation` [ RunTime:0.0028s ]
SQL: SELECT * FROM `operation` WHERE `parent_id` = 1  [ RunTime:0.0015s ]
SQL: SELECT COUNT(*) AS tp_count FROM `role_operation` WHERE `role_id` = 3 AND `operation_id` = 4 LIMIT 1   [ RunTime:0.0008s ]
SQL: SELECT COUNT(*) AS tp_count FROM `role_operation` WHERE `role_id` = 3 AND `operation_id` = 5 LIMIT 1   [ RunTime:0.0005s ]
SQL: SELECT COUNT(*) AS tp_count FROM `role_operation` WHERE `role_id` = 3 AND `operation_id` = 6 LIMIT 1   [ RunTime:0.0008s ]
SQL: SELECT * FROM `operation` WHERE `id` = 7 LIMIT 1   [ RunTime:0.0006s ]
SQL: SELECT * FROM `operation` WHERE `parent_id` = 7  [ RunTime:0.0006s ]
SQL: SELECT COUNT(*) AS tp_count FROM `role_operation` WHERE `role_id` = 3 AND `operation_id` = 8 LIMIT 1   [ RunTime:0.0006s ]
SQL: SELECT COUNT(*) AS tp_count FROM `role_operation` WHERE `role_id` = 3 AND `operation_id` = 9 LIMIT 1   [ RunTime:0.0005s ]
SQL: SELECT COUNT(*) AS tp_count FROM `role_operation` WHERE `role_id` = 3 AND `operation_id` = 10 LIMIT 1   [ RunTime:0.0005s ]
SQL: SELECT * FROM `operation` WHERE `id` = 11 LIMIT 1   [ RunTime:0.0006s ]
SQL: SELECT * FROM `operation` WHERE `parent_id` = 11  [ RunTime:0.0006s ]
SQL: SELECT COUNT(*) AS tp_count FROM `role_operation` WHERE `role_id` = 3 AND `operation_id` = 12 LIMIT 1   [ RunTime:0.0006s ]
SQL: SELECT * FROM `operation` WHERE `id` = 13 LIMIT 1   [ RunTime:0.0006s ]
SQL: SELECT * FROM `operation` WHERE `parent_id` = 13  [ RunTime:0.0013s ]
SQL: SELECT COUNT(*) AS tp_count FROM `role_operation` WHERE `role_id` = 3 AND `operation_id` = 14 LIMIT 1   [ RunTime:0.0005s ]
SQL: SELECT COUNT(*) AS tp_count FROM `role_operation` WHERE `role_id` = 3 AND `operation_id` = 15 LIMIT 1   [ RunTime:0.0004s ]
SQL: SELECT COUNT(*) AS tp_count FROM `role_operation` WHERE `role_id` = 3 AND `operation_id` = 16 LIMIT 1   [ RunTime:0.0004s ]
INFO: [ app_end ] --START--
INFO: Run Behavior\ShowPageTraceBehavior [ RunTime:0.000808s ]
INFO: [ app_end ] --END-- [ RunTime:0.000879s ]

[ 2017-04-30T15:22:57+08:00 ] 127.0.0.1 /Hlt/index.php/Home/Public/getuserinfo.html
INFO: [ app_init ] --START--
INFO: Run Behavior\BuildLiteBehavior [ RunTime:0.000016s ]
INFO: [ app_init ] --END-- [ RunTime:0.000725s ]
INFO: [ app_begin ] --START--
INFO: Run Behavior\ReadHtmlCacheBehavior [ RunTime:0.001103s ]
INFO: [ app_begin ] --END-- [ RunTime:0.001207s ]
INFO: [ app_end ] --START--
INFO: Run Behavior\ShowPageTraceBehavior [ RunTime:0.000926s ]
INFO: [ app_end ] --END-- [ RunTime:0.001032s ]

[ 2017-04-30T15:22:57+08:00 ] 127.0.0.1 /Hlt/index.php/Home/Public/get_type_bydb.html
INFO: [ app_init ] --START--
INFO: Run Behavior\BuildLiteBehavior [ RunTime:0.000016s ]
INFO: [ app_init ] --END-- [ RunTime:0.000493s ]
INFO: [ app_begin ] --START--
INFO: Run Behavior\ReadHtmlCacheBehavior [ RunTime:0.000656s ]
INFO: [ app_begin ] --END-- [ RunTime:0.000719s ]
SQL: SHOW COLUMNS FROM `role` [ RunTime:0.0038s ]
SQL: SELECT * FROM `role`  [ RunTime:0.0005s ]
INFO: [ app_end ] --START--
INFO: Run Behavior\ShowPageTraceBehavior [ RunTime:0.000984s ]
INFO: [ app_end ] --END-- [ RunTime:0.001074s ]

[ 2017-04-30T15:22:58+08:00 ] 127.0.0.1 /Hlt/index.php/Home/Public/getstaffoperation.html
INFO: [ app_init ] --START--
INFO: Run Behavior\BuildLiteBehavior [ RunTime:0.000022s ]
INFO: [ app_init ] --END-- [ RunTime:0.000649s ]
INFO: [ app_begin ] --START--
INFO: Run Behavior\ReadHtmlCacheBehavior [ RunTime:0.001031s ]
INFO: [ app_begin ] --END-- [ RunTime:0.001153s ]
SQL: SHOW COLUMNS FROM `staff` [ RunTime:0.0021s ]
SQL: SELECT * FROM `staff` WHERE `id` = 'admin' LIMIT 1   [ RunTime:0.0006s ]
SQL: SHOW COLUMNS FROM `operation` [ RunTime:0.0021s ]
SQL: SELECT * FROM `operation` WHERE `parent_id` = 1 ORDER BY sequence  [ RunTime:0.0006s ]
SQL: SELECT * FROM `operation` WHERE `id` = 4 LIMIT 1   [ RunTime:0.0005s ]
SQL: SHOW COLUMNS FROM `role_operation` [ RunTime:0.0023s ]
SQL: SELECT COUNT(*) AS tp_count FROM `role_operation` WHERE `role_id` = 3 AND `operation_id` = 4 LIMIT 1   [ RunTime:0.0005s ]
SQL: SELECT * FROM `operation` WHERE `id` = 5 LIMIT 1   [ RunTime:0.0004s ]
SQL: SELECT COUNT(*) AS tp_count FROM `role_operation` WHERE `role_id` = 3 AND `operation_id` = 5 LIMIT 1   [ RunTime:0.0004s ]
SQL: SELECT * FROM `operation` WHERE `id` = 6 LIMIT 1   [ RunTime:0.0004s ]
SQL: SELECT COUNT(*) AS tp_count FROM `role_operation` WHERE `role_id` = 3 AND `operation_id` = 6 LIMIT 1   [ RunTime:0.0004s ]
INFO: [ app_end ] --START--
INFO: Run Behavior\ShowPageTraceBehavior [ RunTime:0.000789s ]
INFO: [ app_end ] --END-- [ RunTime:0.000855s ]

[ 2017-04-30T15:22:58+08:00 ] 127.0.0.1 /Hlt/index.php/Home/Public/getstaffoperation.html
INFO: [ app_init ] --START--
INFO: Run Behavior\BuildLiteBehavior [ RunTime:0.000020s ]
INFO: [ app_init ] --END-- [ RunTime:0.000673s ]
INFO: [ app_begin ] --START--
INFO: Run Behavior\ReadHtmlCacheBehavior [ RunTime:0.001051s ]
INFO: [ app_begin ] --END-- [ RunTime:0.001151s ]
SQL: SHOW COLUMNS FROM `staff` [ RunTime:0.0023s ]
SQL: SELECT * FROM `staff` WHERE `id` = 'admin' LIMIT 1   [ RunTime:0.0007s ]
SQL: SHOW COLUMNS FROM `operation` [ RunTime:0.0022s ]
SQL: SELECT * FROM `operation` WHERE `parent_id` = 11 ORDER BY sequence  [ RunTime:0.0007s ]
SQL: SELECT * FROM `operation` WHERE `id` = 12 LIMIT 1   [ RunTime:0.0008s ]
SQL: SHOW COLUMNS FROM `role_operation` [ RunTime:0.0027s ]
SQL: SELECT COUNT(*) AS tp_count FROM `role_operation` WHERE `role_id` = 3 AND `operation_id` = 12 LIMIT 1   [ RunTime:0.0005s ]
INFO: [ app_end ] --START--
INFO: Run Behavior\ShowPageTraceBehavior [ RunTime:0.001028s ]
INFO: [ app_end ] --END-- [ RunTime:0.001100s ]

[ 2017-04-30T15:22:58+08:00 ] 127.0.0.1 /Hlt/index.php/Home/Public/getstaffoperation.html
INFO: [ app_init ] --START--
INFO: Run Behavior\BuildLiteBehavior [ RunTime:0.000019s ]
INFO: [ app_init ] --END-- [ RunTime:0.000564s ]
INFO: [ app_begin ] --START--
INFO: Run Behavior\ReadHtmlCacheBehavior [ RunTime:0.000738s ]
INFO: [ app_begin ] --END-- [ RunTime:0.000811s ]
SQL: SHOW COLUMNS FROM `staff` [ RunTime:0.0016s ]
SQL: SELECT * FROM `staff` WHERE `id` = 'admin' LIMIT 1   [ RunTime:0.0005s ]
SQL: SHOW COLUMNS FROM `operation` [ RunTime:0.0015s ]
SQL: SELECT * FROM `operation` WHERE `parent_id` = 7 ORDER BY sequence  [ RunTime:0.0005s ]
SQL: SELECT * FROM `operation` WHERE `id` = 8 LIMIT 1   [ RunTime:0.0004s ]
SQL: SHOW COLUMNS FROM `role_operation` [ RunTime:0.0020s ]
SQL: SELECT COUNT(*) AS tp_count FROM `role_operation` WHERE `role_id` = 3 AND `operation_id` = 8 LIMIT 1   [ RunTime:0.0004s ]
SQL: SELECT * FROM `operation` WHERE `id` = 9 LIMIT 1   [ RunTime:0.0004s ]
SQL: SELECT COUNT(*) AS tp_count FROM `role_operation` WHERE `role_id` = 3 AND `operation_id` = 9 LIMIT 1   [ RunTime:0.0003s ]
SQL: SELECT * FROM `operation` WHERE `id` = 10 LIMIT 1   [ RunTime:0.0003s ]
SQL: SELECT COUNT(*) AS tp_count FROM `role_operation` WHERE `role_id` = 3 AND `operation_id` = 10 LIMIT 1   [ RunTime:0.0004s ]
INFO: [ app_end ] --START--
INFO: Run Behavior\ShowPageTraceBehavior [ RunTime:0.001046s ]
INFO: [ app_end ] --END-- [ RunTime:0.001130s ]

[ 2017-04-30T15:22:58+08:00 ] 127.0.0.1 /Hlt/index.php/Home/staff/getstaff.html
INFO: [ app_init ] --START--
INFO: Run Behavior\BuildLiteBehavior [ RunTime:0.000024s ]
INFO: [ app_init ] --END-- [ RunTime:0.001149s ]
INFO: [ app_begin ] --START--
INFO: Run Behavior\ReadHtmlCacheBehavior [ RunTime:0.000939s ]
INFO: [ app_begin ] --END-- [ RunTime:0.001040s ]
SQL: SHOW COLUMNS FROM `staff_view` [ RunTime:0.0027s ]
SQL: SELECT * FROM `staff_view` WHERE ( id <> 'admin' )  [ RunTime:0.0006s ]
INFO: [ app_end ] --START--
INFO: Run Behavior\ShowPageTraceBehavior [ RunTime:0.000769s ]
INFO: [ app_end ] --END-- [ RunTime:0.000829s ]

[ 2017-04-30T15:23:14+08:00 ] 127.0.0.1 /Hlt/index.php/Home/staff/add.html
INFO: [ app_init ] --START--
INFO: Run Behavior\BuildLiteBehavior [ RunTime:0.000015s ]
INFO: [ app_init ] --END-- [ RunTime:0.000729s ]
INFO: [ app_begin ] --START--
INFO: Run Behavior\ReadHtmlCacheBehavior [ RunTime:0.000646s ]
INFO: [ app_begin ] --END-- [ RunTime:0.000708s ]
SQL: SHOW COLUMNS FROM `staff` [ RunTime:0.0018s ]
SQL: SELECT * FROM `staff` WHERE `id` = 'hjc' LIMIT 1   [ RunTime:0.0005s ]
SQL: INSERT INTO `staff` (`id`,`name`,`role`,`password`) VALUES ('hjc','何建成','0','5cfc912f305847c7a7e9f6b0736c3b22') [ RunTime:0.0310s ]
SQL: SHOW COLUMNS FROM `log` [ RunTime:0.0015s ]
SQL: INSERT INTO `log` (`operator_id`,`type`,`content`,`time`) VALUES ('admin','2','在staff表增加一条记录，记录的信息为“id:hjc;name:何建成;role:;password:5cfc912f305847c7a7e9f6b0736c3b22;”','2017-04-30 15:23:14') [ RunTime:0.0005s ]
INFO: [ app_end ] --START--
INFO: Run Behavior\ShowPageTraceBehavior [ RunTime:0.000779s ]
INFO: [ app_end ] --END-- [ RunTime:0.000854s ]

[ 2017-04-30T15:23:15+08:00 ] 127.0.0.1 /Hlt/index.php/Home/staff/getstaff.html
INFO: [ app_init ] --START--
INFO: Run Behavior\BuildLiteBehavior [ RunTime:0.000015s ]
INFO: [ app_init ] --END-- [ RunTime:0.000516s ]
INFO: [ app_begin ] --START--
INFO: Run Behavior\ReadHtmlCacheBehavior [ RunTime:0.000619s ]
INFO: [ app_begin ] --END-- [ RunTime:0.000689s ]
SQL: SHOW COLUMNS FROM `staff_view` [ RunTime:0.0024s ]
SQL: SELECT * FROM `staff_view` WHERE ( id <> 'admin' )  [ RunTime:0.0007s ]
INFO: [ app_end ] --START--
INFO: Run Behavior\ShowPageTraceBehavior [ RunTime:0.000786s ]
INFO: [ app_end ] --END-- [ RunTime:0.000840s ]

[ 2017-04-30T15:23:18+08:00 ] 127.0.0.1 /Hlt/index.php/Home/Public/logout.html
INFO: [ app_init ] --START--
INFO: Run Behavior\BuildLiteBehavior [ RunTime:0.000017s ]
INFO: [ app_init ] --END-- [ RunTime:0.000680s ]
INFO: [ app_begin ] --START--
INFO: Run Behavior\ReadHtmlCacheBehavior [ RunTime:0.000769s ]
INFO: [ app_begin ] --END-- [ RunTime:0.000876s ]
NOTIC: [8] A session had already been started - ignoring session_start() D:\htdocs\Hlt\ThinkPHP\Common\functions.php 第 1243 行.

[ 2017-04-30T15:23:18+08:00 ] 127.0.0.1 /Hlt/index.php/Home/Index/index.html
INFO: [ app_init ] --START--
INFO: Run Behavior\BuildLiteBehavior [ RunTime:0.000015s ]
INFO: [ app_init ] --END-- [ RunTime:0.000631s ]
INFO: [ app_begin ] --START--
INFO: Run Behavior\ReadHtmlCacheBehavior [ RunTime:0.000971s ]
INFO: [ app_begin ] --END-- [ RunTime:0.001088s ]
INFO: [ view_parse ] --START--
INFO: [ template_filter ] --START--
INFO: Run Behavior\ContentReplaceBehavior [ RunTime:0.000062s ]
INFO: [ template_filter ] --END-- [ RunTime:0.000170s ]
INFO: Run Behavior\ParseTemplateBehavior [ RunTime:0.012913s ]
INFO: [ view_parse ] --END-- [ RunTime:0.012983s ]
INFO: [ view_filter ] --START--
INFO: Run Behavior\WriteHtmlCacheBehavior [ RunTime:0.000462s ]
INFO: [ view_filter ] --END-- [ RunTime:0.000532s ]
INFO: [ app_end ] --START--
INFO: Run Behavior\ShowPageTraceBehavior [ RunTime:0.000759s ]
INFO: [ app_end ] --END-- [ RunTime:0.000822s ]

[ 2017-04-30T15:23:24+08:00 ] 127.0.0.1 /Hlt/index.php/Home/Login/login.html
INFO: [ app_init ] --START--
INFO: Run Behavior\BuildLiteBehavior [ RunTime:0.000022s ]
INFO: [ app_init ] --END-- [ RunTime:0.000805s ]
INFO: [ app_begin ] --START--
INFO: Run Behavior\ReadHtmlCacheBehavior [ RunTime:0.000709s ]
INFO: [ app_begin ] --END-- [ RunTime:0.000772s ]
SQL: SHOW COLUMNS FROM `staff` [ RunTime:0.0022s ]
SQL: SELECT COUNT(*) AS tp_count FROM `staff` WHERE `role` = 3 LIMIT 1   [ RunTime:0.0004s ]
SQL: SELECT * FROM `staff` WHERE `id` = 'hjc' LIMIT 1   [ RunTime:0.0005s ]
SQL: UPDATE `staff` SET `id`='hjc',`name`='何建成',`password`='5cfc912f305847c7a7e9f6b0736c3b22',`role`='0',`last_login_time`='2017-04-30 15:23:24',`last_login_ip`='127.0.0.1',`login_error_num`='0',`lock`='0' WHERE `id` = 'hjc' [ RunTime:0.0372s ]
SQL: SHOW COLUMNS FROM `log` [ RunTime:0.0018s ]
SQL: INSERT INTO `log` (`operator_id`,`type`,`content`,`time`) VALUES ('hjc','1','登陆成功，登陆IP为：127.0.0.1','2017-04-30 15:23:24') [ RunTime:0.0584s ]
INFO: [ app_end ] --START--
INFO: Run Behavior\ShowPageTraceBehavior [ RunTime:0.000916s ]
INFO: [ app_end ] --END-- [ RunTime:0.000988s ]

[ 2017-04-30T15:23:25+08:00 ] 127.0.0.1 /Hlt/index.php/Home/Public/home.html
INFO: [ app_init ] --START--
INFO: Run Behavior\BuildLiteBehavior [ RunTime:0.000015s ]
INFO: [ app_init ] --END-- [ RunTime:0.000496s ]
INFO: [ app_begin ] --START--
INFO: Run Behavior\ReadHtmlCacheBehavior [ RunTime:0.000608s ]
INFO: [ app_begin ] --END-- [ RunTime:0.000678s ]
INFO: [ view_parse ] --START--
INFO: [ template_filter ] --START--
INFO: Run Behavior\ContentReplaceBehavior [ RunTime:0.000224s ]
INFO: [ template_filter ] --END-- [ RunTime:0.000296s ]
INFO: Run Behavior\ParseTemplateBehavior [ RunTime:0.013687s ]
INFO: [ view_parse ] --END-- [ RunTime:0.013785s ]
INFO: [ view_filter ] --START--
INFO: Run Behavior\WriteHtmlCacheBehavior [ RunTime:0.000369s ]
INFO: [ view_filter ] --END-- [ RunTime:0.000421s ]
INFO: [ app_end ] --START--
INFO: Run Behavior\ShowPageTraceBehavior [ RunTime:0.001853s ]
INFO: [ app_end ] --END-- [ RunTime:0.001950s ]

[ 2017-04-30T15:23:25+08:00 ] 127.0.0.1 /Hlt/index.php/Home/Public/getstaffoperation.html
INFO: [ app_init ] --START--
INFO: Run Behavior\BuildLiteBehavior [ RunTime:0.000025s ]
INFO: [ app_init ] --END-- [ RunTime:0.000750s ]
INFO: [ app_begin ] --START--
INFO: Run Behavior\ReadHtmlCacheBehavior [ RunTime:0.001005s ]
INFO: [ app_begin ] --END-- [ RunTime:0.001118s ]
SQL: SHOW COLUMNS FROM `staff` [ RunTime:0.0066s ]
SQL: SELECT * FROM `staff` WHERE `id` = 'hjc' LIMIT 1   [ RunTime:0.0010s ]
SQL: SHOW COLUMNS FROM `operation` [ RunTime:0.0023s ]
SQL: SELECT * FROM `operation` WHERE `parent_id` = 0 ORDER BY sequence  [ RunTime:0.0008s ]
SQL: SELECT * FROM `operation` WHERE `id` = 1 LIMIT 1   [ RunTime:0.0006s ]
SQL: SHOW COLUMNS FROM `role_operation` [ RunTime:0.0020s ]
SQL: SELECT * FROM `operation` WHERE `parent_id` = 1  [ RunTime:0.0006s ]
SQL: SELECT COUNT(*) AS tp_count FROM `role_operation` WHERE `role_id` = 0 AND `operation_id` = 4 LIMIT 1   [ RunTime:0.0006s ]
SQL: SELECT COUNT(*) AS tp_count FROM `role_operation` WHERE `role_id` = 0 AND `operation_id` = 5 LIMIT 1   [ RunTime:0.0006s ]
SQL: SELECT COUNT(*) AS tp_count FROM `role_operation` WHERE `role_id` = 0 AND `operation_id` = 6 LIMIT 1   [ RunTime:0.0028s ]
SQL: SELECT * FROM `operation` WHERE `id` = 7 LIMIT 1   [ RunTime:0.0006s ]
SQL: SELECT * FROM `operation` WHERE `parent_id` = 7  [ RunTime:0.0006s ]
SQL: SELECT COUNT(*) AS tp_count FROM `role_operation` WHERE `role_id` = 0 AND `operation_id` = 8 LIMIT 1   [ RunTime:0.0005s ]
SQL: SELECT COUNT(*) AS tp_count FROM `role_operation` WHERE `role_id` = 0 AND `operation_id` = 9 LIMIT 1   [ RunTime:0.0004s ]
SQL: SELECT COUNT(*) AS tp_count FROM `role_operation` WHERE `role_id` = 0 AND `operation_id` = 10 LIMIT 1   [ RunTime:0.0003s ]
SQL: SELECT * FROM `operation` WHERE `id` = 11 LIMIT 1   [ RunTime:0.0004s ]
SQL: SELECT * FROM `operation` WHERE `parent_id` = 11  [ RunTime:0.0004s ]
SQL: SELECT COUNT(*) AS tp_count FROM `role_operation` WHERE `role_id` = 0 AND `operation_id` = 12 LIMIT 1   [ RunTime:0.0005s ]
SQL: SELECT * FROM `operation` WHERE `id` = 13 LIMIT 1   [ RunTime:0.0004s ]
SQL: SELECT * FROM `operation` WHERE `parent_id` = 13  [ RunTime:0.0004s ]
SQL: SELECT COUNT(*) AS tp_count FROM `role_operation` WHERE `role_id` = 0 AND `operation_id` = 14 LIMIT 1   [ RunTime:0.0004s ]
SQL: SELECT COUNT(*) AS tp_count FROM `role_operation` WHERE `role_id` = 0 AND `operation_id` = 15 LIMIT 1   [ RunTime:0.0003s ]
SQL: SELECT COUNT(*) AS tp_count FROM `role_operation` WHERE `role_id` = 0 AND `operation_id` = 16 LIMIT 1   [ RunTime:0.0004s ]
NOTIC: [8] Undefined variable: operationnodes D:\htdocs\Hlt\Home\Controller\PublicController.class.php 第 95 行.
NOTIC: [8] Undefined variable: operationnodes D:\htdocs\Hlt\Home\Controller\PublicController.class.php 第 98 行.
INFO: [ app_end ] --START--
INFO: Run Behavior\ShowPageTraceBehavior [ RunTime:0.000764s ]
INFO: [ app_end ] --END-- [ RunTime:0.000832s ]

[ 2017-04-30T15:23:25+08:00 ] 127.0.0.1 /Hlt/index.php/Home/Public/getuserinfo.html
INFO: [ app_init ] --START--
INFO: Run Behavior\BuildLiteBehavior [ RunTime:0.000029s ]
INFO: [ app_init ] --END-- [ RunTime:0.001631s ]
INFO: [ app_begin ] --START--
INFO: Run Behavior\ReadHtmlCacheBehavior [ RunTime:0.000958s ]
INFO: [ app_begin ] --END-- [ RunTime:0.001075s ]
INFO: [ app_end ] --START--
INFO: Run Behavior\ShowPageTraceBehavior [ RunTime:0.001050s ]
INFO: [ app_end ] --END-- [ RunTime:0.001175s ]

[ 2017-04-30T15:23:25+08:00 ] 127.0.0.1 /Hlt/index.php/Home/Public/get_type_bydb.html
INFO: [ app_init ] --START--
INFO: Run Behavior\BuildLiteBehavior [ RunTime:0.000099s ]
INFO: [ app_init ] --END-- [ RunTime:0.001338s ]
INFO: [ app_begin ] --START--
INFO: Run Behavior\ReadHtmlCacheBehavior [ RunTime:0.001009s ]
INFO: [ app_begin ] --END-- [ RunTime:0.001119s ]
SQL: SHOW COLUMNS FROM `role` [ RunTime:0.0053s ]
SQL: SELECT * FROM `role`  [ RunTime:0.0007s ]
INFO: [ app_end ] --START--
INFO: Run Behavior\ShowPageTraceBehavior [ RunTime:0.001187s ]
INFO: [ app_end ] --END-- [ RunTime:0.001305s ]

[ 2017-04-30T15:23:25+08:00 ] 127.0.0.1 /Hlt/index.php/Home/staff/getstaff.html
INFO: [ app_init ] --START--
INFO: Run Behavior\BuildLiteBehavior [ RunTime:0.000024s ]
INFO: [ app_init ] --END-- [ RunTime:0.000605s ]
INFO: [ app_begin ] --START--
INFO: Run Behavior\ReadHtmlCacheBehavior [ RunTime:0.000713s ]
INFO: [ app_begin ] --END-- [ RunTime:0.000802s ]
SQL: SHOW COLUMNS FROM `staff_view` [ RunTime:0.0022s ]
SQL: SELECT * FROM `staff_view` WHERE ( id <> 'hjc' )  [ RunTime:0.0007s ]
INFO: [ app_end ] --START--
INFO: Run Behavior\ShowPageTraceBehavior [ RunTime:0.001095s ]
INFO: [ app_end ] --END-- [ RunTime:0.001201s ]

[ 2017-04-30T15:23:33+08:00 ] 127.0.0.1 /Hlt/index.php/Home/Index/index.html
INFO: [ app_init ] --START--
INFO: Run Behavior\BuildLiteBehavior [ RunTime:0.000017s ]
INFO: [ app_init ] --END-- [ RunTime:0.000574s ]
INFO: [ app_begin ] --START--
INFO: Run Behavior\ReadHtmlCacheBehavior [ RunTime:0.000647s ]
INFO: [ app_begin ] --END-- [ RunTime:0.000708s ]
INFO: [ view_parse ] --START--
INFO: [ template_filter ] --START--
INFO: Run Behavior\ContentReplaceBehavior [ RunTime:0.000049s ]
INFO: [ template_filter ] --END-- [ RunTime:0.000117s ]
INFO: Run Behavior\ParseTemplateBehavior [ RunTime:0.008039s ]
INFO: [ view_parse ] --END-- [ RunTime:0.008099s ]
INFO: [ view_filter ] --START--
INFO: Run Behavior\WriteHtmlCacheBehavior [ RunTime:0.000381s ]
INFO: [ view_filter ] --END-- [ RunTime:0.000431s ]
INFO: [ app_end ] --START--
INFO: Run Behavior\ShowPageTraceBehavior [ RunTime:0.000729s ]
INFO: [ app_end ] --END-- [ RunTime:0.000794s ]

